<?xml version="1.0" encoding="UTF-8"?>
<testng-results skipped="0" failed="0" total="1" passed="1">
  <reporter-output>
  </reporter-output>
  <suite name="TestSuiteYelp" duration-ms="37647" started-at="2017-02-07T18:06:23Z" finished-at="2017-02-07T18:07:01Z">
    <groups>
    </groups>
    <test name="TestCasesYelp" duration-ms="37647" started-at="2017-02-07T18:06:23Z" finished-at="2017-02-07T18:07:01Z">
      <class name="com.yelp.TestCasesYelp">
        <test-method status="PASS" signature="beforeMethod()[pri:0, instance:com.yelp.TestCasesYelp@66d2e7d9]" name="beforeMethod" is-config="true" duration-ms="8374" started-at="2017-02-07T10:06:23Z" finished-at="2017-02-07T10:06:32Z">
          <reporter-output>
          </reporter-output>
        </test-method> <!-- beforeMethod -->
        <test-method status="PASS" signature="Test_A()[pri:0, instance:com.yelp.TestCasesYelp@66d2e7d9]" name="Test_A" duration-ms="28379" started-at="2017-02-07T10:06:32Z" finished-at="2017-02-07T10:07:00Z">
          <reporter-output>
          </reporter-output>
        </test-method> <!-- Test_A -->
        <test-method status="PASS" signature="afterMethod()[pri:0, instance:com.yelp.TestCasesYelp@66d2e7d9]" name="afterMethod" is-config="true" duration-ms="872" started-at="2017-02-07T10:07:00Z" finished-at="2017-02-07T10:07:01Z">
          <reporter-output>
          </reporter-output>
        </test-method> <!-- afterMethod -->
      </class> <!-- com.yelp.TestCasesYelp -->
    </test> <!-- TestCasesYelp -->
  </suite> <!-- TestSuiteYelp -->
</testng-results>
