<?xml version="1.0" encoding="UTF-8"?>
<!-- Generated by org.testng.reporters.JUnitXMLReporter -->
<testsuite hostname="waheguru" name="YummlyTestCases" tests="3" failures="0" timestamp="25 Jan 2017 20:04:06 GMT" time="106.731" errors="0">
  <testcase name="Test_A" time="10.788" classname="com.yummly.TestCases"/>
  <testcase name="Test_B" time="24.287" classname="com.yummly.TestCases"/>
  <testcase name="Test_C" time="48.209" classname="com.yummly.TestCases"/>
</testsuite> <!-- YummlyTestCases -->
